Analysis & Synthesis report for Signal_Modulation
Sat Dec 16 18:25:25 2023
Quartus Prime Version 18.0.0 Build 614 04/24/2018 SJ Standard Edition


---------------------
; Table of Contents ;
---------------------
  1. Legal Notice
  2. Analysis & Synthesis Summary
  3. Analysis & Synthesis Settings
  4. Parallel Compilation
  5. Analysis & Synthesis Source Files Read
  6. Analysis & Synthesis Resource Usage Summary
  7. Analysis & Synthesis Resource Utilization by Entity
  8. Analysis & Synthesis RAM Summary
  9. Analysis & Synthesis IP Cores Summary
 10. Registers Removed During Synthesis
 11. General Register Statistics
 12. Inverted Register Statistics
 13. Multiplexer Restructuring Statistics (Restructuring Performed)
 14. Source assignments for ROM:u3|altsyncram:altsyncram_component|altsyncram_5672:auto_generated
 15. Parameter Settings for User Entity Instance: ROM:u3|altsyncram:altsyncram_component
 16. altsyncram Parameter Settings by Entity Instance
 17. Port Connectivity Checks: "Mcode:u2"
 18. Post-Synthesis Netlist Statistics for Top Partition
 19. Elapsed Time Per Partition
 20. Analysis & Synthesis Messages



----------------
; Legal Notice ;
----------------
Copyright (C) 2018  Intel Corporation. All rights reserved.
Your use of Intel Corporation's design tools, logic functions 
and other software and tools, and its AMPP partner logic 
functions, and any output files from any of the foregoing 
(including device programming or simulation files), and any 
associated documentation or information are expressly subject 
to the terms and conditions of the Intel Program License 
Subscription Agreement, the Intel Quartus Prime License Agreement,
the Intel FPGA IP License Agreement, or other applicable license
agreement, including, without limitation, that your use is for
the sole purpose of programming logic devices manufactured by
Intel and sold by Intel or its authorized distributors.  Please
refer to the applicable agreement for further details.



+--------------------------------------------------------------------------------------+
; Analysis & Synthesis Summary                                                         ;
+------------------------------------+-------------------------------------------------+
; Analysis & Synthesis Status        ; Successful - Sat Dec 16 18:25:25 2023           ;
; Quartus Prime Version              ; 18.0.0 Build 614 04/24/2018 SJ Standard Edition ;
; Revision Name                      ; Signal_Modulation                               ;
; Top-level Entity Name              ; Signal_Modulation                               ;
; Family                             ; Cyclone IV E                                    ;
; Total logic elements               ; 97                                              ;
;     Total combinational functions  ; 89                                              ;
;     Dedicated logic registers      ; 55                                              ;
; Total registers                    ; 55                                              ;
; Total pins                         ; 27                                              ;
; Total virtual pins                 ; 0                                               ;
; Total memory bits                  ; 2,048                                           ;
; Embedded Multiplier 9-bit elements ; 0                                               ;
; Total PLLs                         ; 0                                               ;
+------------------------------------+-------------------------------------------------+


+------------------------------------------------------------------------------------------------------------+
; Analysis & Synthesis Settings                                                                              ;
+------------------------------------------------------------------+--------------------+--------------------+
; Option                                                           ; Setting            ; Default Value      ;
+------------------------------------------------------------------+--------------------+--------------------+
; Device                                                           ; EP4CE15F23C8       ;                    ;
; Top-level entity name                                            ; Signal_Modulation  ; Signal_Modulation  ;
; Family name                                                      ; Cyclone IV E       ; Cyclone V          ;
; Use smart compilation                                            ; Off                ; Off                ;
; Enable parallel Assembler and Timing Analyzer during compilation ; On                 ; On                 ;
; Enable compact report table                                      ; Off                ; Off                ;
; Restructure Multiplexers                                         ; Auto               ; Auto               ;
; Create Debugging Nodes for IP Cores                              ; Off                ; Off                ;
; Preserve fewer node names                                        ; On                 ; On                 ;
; Intel FPGA IP Evaluation Mode                                    ; Enable             ; Enable             ;
; Verilog Version                                                  ; Verilog_2001       ; Verilog_2001       ;
; VHDL Version                                                     ; VHDL_1993          ; VHDL_1993          ;
; State Machine Processing                                         ; Auto               ; Auto               ;
; Safe State Machine                                               ; Off                ; Off                ;
; Extract Verilog State Machines                                   ; On                 ; On                 ;
; Extract VHDL State Machines                                      ; On                 ; On                 ;
; Ignore Verilog initial constructs                                ; Off                ; Off                ;
; Iteration limit for constant Verilog loops                       ; 5000               ; 5000               ;
; Iteration limit for non-constant Verilog loops                   ; 250                ; 250                ;
; Add Pass-Through Logic to Inferred RAMs                          ; On                 ; On                 ;
; Infer RAMs from Raw Logic                                        ; On                 ; On                 ;
; Parallel Synthesis                                               ; On                 ; On                 ;
; DSP Block Balancing                                              ; Auto               ; Auto               ;
; NOT Gate Push-Back                                               ; On                 ; On                 ;
; Power-Up Don't Care                                              ; On                 ; On                 ;
; Remove Redundant Logic Cells                                     ; Off                ; Off                ;
; Remove Duplicate Registers                                       ; On                 ; On                 ;
; Ignore CARRY Buffers                                             ; Off                ; Off                ;
; Ignore CASCADE Buffers                                           ; Off                ; Off                ;
; Ignore GLOBAL Buffers                                            ; Off                ; Off                ;
; Ignore ROW GLOBAL Buffers                                        ; Off                ; Off                ;
; Ignore LCELL Buffers                                             ; Off                ; Off                ;
; Ignore SOFT Buffers                                              ; On                 ; On                 ;
; Limit AHDL Integers to 32 Bits                                   ; Off                ; Off                ;
; Optimization Technique                                           ; Balanced           ; Balanced           ;
; Carry Chain Length                                               ; 70                 ; 70                 ;
; Auto Carry Chains                                                ; On                 ; On                 ;
; Auto Open-Drain Pins                                             ; On                 ; On                 ;
; Perform WYSIWYG Primitive Resynthesis                            ; Off                ; Off                ;
; Auto ROM Replacement                                             ; On                 ; On                 ;
; Auto RAM Replacement                                             ; On                 ; On                 ;
; Auto DSP Block Replacement                                       ; On                 ; On                 ;
; Auto Shift Register Replacement                                  ; Auto               ; Auto               ;
; Allow Shift Register Merging across Hierarchies                  ; Auto               ; Auto               ;
; Auto Clock Enable Replacement                                    ; On                 ; On                 ;
; Strict RAM Replacement                                           ; Off                ; Off                ;
; Allow Synchronous Control Signals                                ; On                 ; On                 ;
; Force Use of Synchronous Clear Signals                           ; Off                ; Off                ;
; Auto RAM Block Balancing                                         ; On                 ; On                 ;
; Auto RAM to Logic Cell Conversion                                ; Off                ; Off                ;
; Auto Resource Sharing                                            ; Off                ; Off                ;
; Allow Any RAM Size For Recognition                               ; Off                ; Off                ;
; Allow Any ROM Size For Recognition                               ; Off                ; Off                ;
; Allow Any Shift Register Size For Recognition                    ; Off                ; Off                ;
; Use LogicLock Constraints during Resource Balancing              ; On                 ; On                 ;
; Ignore translate_off and synthesis_off directives                ; Off                ; Off                ;
; Timing-Driven Synthesis                                          ; On                 ; On                 ;
; Report Parameter Settings                                        ; On                 ; On                 ;
; Report Source Assignments                                        ; On                 ; On                 ;
; Report Connectivity Checks                                       ; On                 ; On                 ;
; Ignore Maximum Fan-Out Assignments                               ; Off                ; Off                ;
; Synchronization Register Chain Length                            ; 2                  ; 2                  ;
; Power Optimization During Synthesis                              ; Normal compilation ; Normal compilation ;
; HDL message level                                                ; Level2             ; Level2             ;
; Suppress Register Optimization Related Messages                  ; Off                ; Off                ;
; Number of Removed Registers Reported in Synthesis Report         ; 5000               ; 5000               ;
; Number of Swept Nodes Reported in Synthesis Report               ; 5000               ; 5000               ;
; Number of Inverted Registers Reported in Synthesis Report        ; 100                ; 100                ;
; Clock MUX Protection                                             ; On                 ; On                 ;
; Auto Gated Clock Conversion                                      ; Off                ; Off                ;
; Block Design Naming                                              ; Auto               ; Auto               ;
; SDC constraint protection                                        ; Off                ; Off                ;
; Synthesis Effort                                                 ; Auto               ; Auto               ;
; Shift Register Replacement - Allow Asynchronous Clear Signal     ; On                 ; On                 ;
; Pre-Mapping Resynthesis Optimization                             ; Off                ; Off                ;
; Analysis & Synthesis Message Level                               ; Medium             ; Medium             ;
; Disable Register Merging Across Hierarchies                      ; Auto               ; Auto               ;
; Resource Aware Inference For Block RAM                           ; On                 ; On                 ;
+------------------------------------------------------------------+--------------------+--------------------+


+------------------------------------------+
; Parallel Compilation                     ;
+----------------------------+-------------+
; Processors                 ; Number      ;
+----------------------------+-------------+
; Number detected on machine ; 12          ;
; Maximum allowed            ; 12          ;
;                            ;             ;
; Average used               ; 1.00        ;
; Maximum used               ; 12          ;
;                            ;             ;
; Usage by Processor         ; % Time Used ;
;     Processor 1            ; 100.0%      ;
;     Processors 2-12        ;   0.0%      ;
+----------------------------+-------------+


+-------------------------------------------------------------------------------------------------------------------------------------------------------------------------------+
; Analysis & Synthesis Source Files Read                                                                                                                                        ;
+----------------------------------+-----------------+----------------------------------------+-----------------------------------------------------------------------+---------+
; File Name with User-Entered Path ; Used in Netlist ; File Type                              ; File Name with Absolute Path                                          ; Library ;
+----------------------------------+-----------------+----------------------------------------+-----------------------------------------------------------------------+---------+
; Signal_Modulation.v              ; yes             ; User Verilog HDL File                  ; C:/Users/21733/Desktop/Signal_Modulation/Signal_Modulation.v          ;         ;
; ROM/ROM.v                        ; yes             ; User Wizard-Generated File             ; C:/Users/21733/Desktop/Signal_Modulation/ROM/ROM.v                    ;         ;
; Mcode.v                          ; yes             ; User Verilog HDL File                  ; C:/Users/21733/Desktop/Signal_Modulation/Mcode.v                      ;         ;
; fp.v                             ; yes             ; User Verilog HDL File                  ; C:/Users/21733/Desktop/Signal_Modulation/fp.v                         ;         ;
; altsyncram.tdf                   ; yes             ; Megafunction                           ; e:/fpga/quartus/quartus/libraries/megafunctions/altsyncram.tdf        ;         ;
; stratix_ram_block.inc            ; yes             ; Megafunction                           ; e:/fpga/quartus/quartus/libraries/megafunctions/stratix_ram_block.inc ;         ;
; lpm_mux.inc                      ; yes             ; Megafunction                           ; e:/fpga/quartus/quartus/libraries/megafunctions/lpm_mux.inc           ;         ;
; lpm_decode.inc                   ; yes             ; Megafunction                           ; e:/fpga/quartus/quartus/libraries/megafunctions/lpm_decode.inc        ;         ;
; aglobal180.inc                   ; yes             ; Megafunction                           ; e:/fpga/quartus/quartus/libraries/megafunctions/aglobal180.inc        ;         ;
; a_rdenreg.inc                    ; yes             ; Megafunction                           ; e:/fpga/quartus/quartus/libraries/megafunctions/a_rdenreg.inc         ;         ;
; altrom.inc                       ; yes             ; Megafunction                           ; e:/fpga/quartus/quartus/libraries/megafunctions/altrom.inc            ;         ;
; altram.inc                       ; yes             ; Megafunction                           ; e:/fpga/quartus/quartus/libraries/megafunctions/altram.inc            ;         ;
; altdpram.inc                     ; yes             ; Megafunction                           ; e:/fpga/quartus/quartus/libraries/megafunctions/altdpram.inc          ;         ;
; db/altsyncram_5672.tdf           ; yes             ; Auto-Generated Megafunction            ; C:/Users/21733/Desktop/Signal_Modulation/db/altsyncram_5672.tdf       ;         ;
; sin_generate/sin.mif             ; yes             ; Auto-Found Memory Initialization File  ; C:/Users/21733/Desktop/Signal_Modulation/sin_generate/sin.mif         ;         ;
+----------------------------------+-----------------+----------------------------------------+-----------------------------------------------------------------------+---------+


+-----------------------------------------------------------+
; Analysis & Synthesis Resource Usage Summary               ;
+---------------------------------------------+-------------+
; Resource                                    ; Usage       ;
+---------------------------------------------+-------------+
; Estimated Total logic elements              ; 97          ;
;                                             ;             ;
; Total combinational functions               ; 89          ;
; Logic element usage by number of LUT inputs ;             ;
;     -- 4 input functions                    ; 27          ;
;     -- 3 input functions                    ; 5           ;
;     -- <=2 input functions                  ; 57          ;
;                                             ;             ;
; Logic elements by mode                      ;             ;
;     -- normal mode                          ; 51          ;
;     -- arithmetic mode                      ; 38          ;
;                                             ;             ;
; Total registers                             ; 55          ;
;     -- Dedicated logic registers            ; 55          ;
;     -- I/O registers                        ; 0           ;
;                                             ;             ;
; I/O pins                                    ; 27          ;
; Total memory bits                           ; 2048        ;
;                                             ;             ;
; Embedded Multiplier 9-bit elements          ; 0           ;
;                                             ;             ;
; Maximum fan-out node                        ; rst_n~input ;
; Maximum fan-out                             ; 55          ;
; Total fan-out                               ; 592         ;
; Average fan-out                             ; 2.87        ;
+---------------------------------------------+-------------+


+----------------------------------------------------------------------------------------------------------------------------------------------------------------------------------------------------------------------------------------------------------------------------------------------------+
; Analysis & Synthesis Resource Utilization by Entity                                                                                                                                                                                                                                                ;
+-------------------------------------------+---------------------+---------------------------+-------------+--------------+---------+-----------+------+--------------+------------------------------------------------------------------------------------------+-------------------+--------------+
; Compilation Hierarchy Node                ; Combinational ALUTs ; Dedicated Logic Registers ; Memory Bits ; DSP Elements ; DSP 9x9 ; DSP 18x18 ; Pins ; Virtual Pins ; Full Hierarchy Name                                                                      ; Entity Name       ; Library Name ;
+-------------------------------------------+---------------------+---------------------------+-------------+--------------+---------+-----------+------+--------------+------------------------------------------------------------------------------------------+-------------------+--------------+
; |Signal_Modulation                        ; 89 (74)             ; 55 (32)                   ; 2048        ; 0            ; 0       ; 0         ; 27   ; 0            ; |Signal_Modulation                                                                       ; Signal_Modulation ; work         ;
;    |Mcode:u2|                             ; 8 (8)               ; 16 (16)                   ; 0           ; 0            ; 0       ; 0         ; 0    ; 0            ; |Signal_Modulation|Mcode:u2                                                              ; Mcode             ; work         ;
;    |ROM:u3|                               ; 0 (0)               ; 0 (0)                     ; 2048        ; 0            ; 0       ; 0         ; 0    ; 0            ; |Signal_Modulation|ROM:u3                                                                ; ROM               ; work         ;
;       |altsyncram:altsyncram_component|   ; 0 (0)               ; 0 (0)                     ; 2048        ; 0            ; 0       ; 0         ; 0    ; 0            ; |Signal_Modulation|ROM:u3|altsyncram:altsyncram_component                                ; altsyncram        ; work         ;
;          |altsyncram_5672:auto_generated| ; 0 (0)               ; 0 (0)                     ; 2048        ; 0            ; 0       ; 0         ; 0    ; 0            ; |Signal_Modulation|ROM:u3|altsyncram:altsyncram_component|altsyncram_5672:auto_generated ; altsyncram_5672   ; work         ;
;    |fp:u1|                                ; 7 (7)               ; 7 (7)                     ; 0           ; 0            ; 0       ; 0         ; 0    ; 0            ; |Signal_Modulation|fp:u1                                                                 ; fp                ; work         ;
+-------------------------------------------+---------------------+---------------------------+-------------+--------------+---------+-----------+------+--------------+------------------------------------------------------------------------------------------+-------------------+--------------+
Note: For table entries with two numbers listed, the numbers in parentheses indicate the number of resources of the given type used by the specific entity alone. The numbers listed outside of parentheses indicate the total resources of the given type used by the specific entity and all of its sub-entities in the hierarchy.


+------------------------------------------------------------------------------------------------------------------------------------------------------------------------------------------------------+
; Analysis & Synthesis RAM Summary                                                                                                                                                                     ;
+----------------------------------------------------------------------------------+------+----------------+--------------+--------------+--------------+--------------+------+------------------------+
; Name                                                                             ; Type ; Mode           ; Port A Depth ; Port A Width ; Port B Depth ; Port B Width ; Size ; MIF                    ;
+----------------------------------------------------------------------------------+------+----------------+--------------+--------------+--------------+--------------+------+------------------------+
; ROM:u3|altsyncram:altsyncram_component|altsyncram_5672:auto_generated|ALTSYNCRAM ; M9K  ; True Dual Port ; 256          ; 8            ; 256          ; 8            ; 2048 ; ./sin_generate/sin.mif ;
+----------------------------------------------------------------------------------+------+----------------+--------------+--------------+--------------+--------------+------+------------------------+


+-------------------------------------------------------------------------------------------------------------+
; Analysis & Synthesis IP Cores Summary                                                                       ;
+--------+--------------+---------+--------------+--------------+---------------------------+-----------------+
; Vendor ; IP Core Name ; Version ; Release Date ; License Type ; Entity Instance           ; IP Include File ;
+--------+--------------+---------+--------------+--------------+---------------------------+-----------------+
; Altera ; ROM: 2-PORT  ; 18.0    ; N/A          ; N/A          ; |Signal_Modulation|ROM:u3 ; ROM/ROM.v       ;
+--------+--------------+---------+--------------+--------------+---------------------------+-----------------+


+-----------------------------------------------------------------+
; Registers Removed During Synthesis                              ;
+---------------------------------------+-------------------------+
; Register name                         ; Reason for Removal      ;
+---------------------------------------+-------------------------+
; fp:u1|q[0]                            ; Merged with address2[0] ;
; Total Number of Removed Registers = 1 ;                         ;
+---------------------------------------+-------------------------+


+------------------------------------------------------+
; General Register Statistics                          ;
+----------------------------------------------+-------+
; Statistic                                    ; Value ;
+----------------------------------------------+-------+
; Total registers                              ; 55    ;
; Number of registers using Synchronous Clear  ; 0     ;
; Number of registers using Synchronous Load   ; 0     ;
; Number of registers using Asynchronous Clear ; 55    ;
; Number of registers using Asynchronous Load  ; 0     ;
; Number of registers using Clock Enable       ; 14    ;
; Number of registers using Preset             ; 0     ;
+----------------------------------------------+-------+


+---------------------------------------------------+
; Inverted Register Statistics                      ;
+-----------------------------------------+---------+
; Inverted Register                       ; Fan out ;
+-----------------------------------------+---------+
; reg2[1]                                 ; 2       ;
; reg2[2]                                 ; 2       ;
; reg2[3]                                 ; 2       ;
; reg2[4]                                 ; 2       ;
; reg2[5]                                 ; 2       ;
; reg2[6]                                 ; 2       ;
; reg2[0]                                 ; 3       ;
; Mcode:u2|shift[13]                      ; 2       ;
; Mcode:u2|shift[12]                      ; 1       ;
; Mcode:u2|shift[11]                      ; 1       ;
; Mcode:u2|shift[9]                       ; 1       ;
; Mcode:u2|shift[8]                       ; 1       ;
; Mcode:u2|shift[7]                       ; 1       ;
; Mcode:u2|shift[5]                       ; 1       ;
; Mcode:u2|shift[4]                       ; 1       ;
; Mcode:u2|shift[3]                       ; 1       ;
; Mcode:u2|shift[1]                       ; 1       ;
; Mcode:u2|shift[0]                       ; 1       ;
; Total number of inverted registers = 18 ;         ;
+-----------------------------------------+---------+


+----------------------------------------------------------------------------------------------------------------------------------------------+
; Multiplexer Restructuring Statistics (Restructuring Performed)                                                                               ;
+--------------------+-----------+---------------+----------------------+------------------------+------------+--------------------------------+
; Multiplexer Inputs ; Bus Width ; Baseline Area ; Area if Restructured ; Saving if Restructured ; Registered ; Example Multiplexer Output     ;
+--------------------+-----------+---------------+----------------------+------------------------+------------+--------------------------------+
; 12:1               ; 7 bits    ; 56 LEs        ; 21 LEs               ; 35 LEs                 ; Yes        ; |Signal_Modulation|address1[1] ;
+--------------------+-----------+---------------+----------------------+------------------------+------------+--------------------------------+


+----------------------------------------------------------------------------------------------+
; Source assignments for ROM:u3|altsyncram:altsyncram_component|altsyncram_5672:auto_generated ;
+---------------------------------+--------------------+------+--------------------------------+
; Assignment                      ; Value              ; From ; To                             ;
+---------------------------------+--------------------+------+--------------------------------+
; OPTIMIZE_POWER_DURING_SYNTHESIS ; NORMAL_COMPILATION ; -    ; -                              ;
+---------------------------------+--------------------+------+--------------------------------+


+-------------------------------------------------------------------------------------+
; Parameter Settings for User Entity Instance: ROM:u3|altsyncram:altsyncram_component ;
+------------------------------------+------------------------+-----------------------+
; Parameter Name                     ; Value                  ; Type                  ;
+------------------------------------+------------------------+-----------------------+
; BYTE_SIZE_BLOCK                    ; 8                      ; Untyped               ;
; AUTO_CARRY_CHAINS                  ; ON                     ; AUTO_CARRY            ;
; IGNORE_CARRY_BUFFERS               ; OFF                    ; IGNORE_CARRY          ;
; AUTO_CASCADE_CHAINS                ; ON                     ; AUTO_CASCADE          ;
; IGNORE_CASCADE_BUFFERS             ; OFF                    ; IGNORE_CASCADE        ;
; WIDTH_BYTEENA                      ; 1                      ; Untyped               ;
; OPERATION_MODE                     ; BIDIR_DUAL_PORT        ; Untyped               ;
; WIDTH_A                            ; 8                      ; Signed Integer        ;
; WIDTHAD_A                          ; 8                      ; Signed Integer        ;
; NUMWORDS_A                         ; 256                    ; Signed Integer        ;
; OUTDATA_REG_A                      ; CLOCK0                 ; Untyped               ;
; ADDRESS_ACLR_A                     ; NONE                   ; Untyped               ;
; OUTDATA_ACLR_A                     ; NONE                   ; Untyped               ;
; WRCONTROL_ACLR_A                   ; NONE                   ; Untyped               ;
; INDATA_ACLR_A                      ; NONE                   ; Untyped               ;
; BYTEENA_ACLR_A                     ; NONE                   ; Untyped               ;
; WIDTH_B                            ; 8                      ; Signed Integer        ;
; WIDTHAD_B                          ; 8                      ; Signed Integer        ;
; NUMWORDS_B                         ; 256                    ; Signed Integer        ;
; INDATA_REG_B                       ; CLOCK0                 ; Untyped               ;
; WRCONTROL_WRADDRESS_REG_B          ; CLOCK0                 ; Untyped               ;
; RDCONTROL_REG_B                    ; CLOCK1                 ; Untyped               ;
; ADDRESS_REG_B                      ; CLOCK0                 ; Untyped               ;
; OUTDATA_REG_B                      ; CLOCK0                 ; Untyped               ;
; BYTEENA_REG_B                      ; CLOCK1                 ; Untyped               ;
; INDATA_ACLR_B                      ; NONE                   ; Untyped               ;
; WRCONTROL_ACLR_B                   ; NONE                   ; Untyped               ;
; ADDRESS_ACLR_B                     ; NONE                   ; Untyped               ;
; OUTDATA_ACLR_B                     ; NONE                   ; Untyped               ;
; RDCONTROL_ACLR_B                   ; NONE                   ; Untyped               ;
; BYTEENA_ACLR_B                     ; NONE                   ; Untyped               ;
; WIDTH_BYTEENA_A                    ; 1                      ; Signed Integer        ;
; WIDTH_BYTEENA_B                    ; 1                      ; Signed Integer        ;
; RAM_BLOCK_TYPE                     ; M9K                    ; Untyped               ;
; BYTE_SIZE                          ; 8                      ; Untyped               ;
; READ_DURING_WRITE_MODE_MIXED_PORTS ; DONT_CARE              ; Untyped               ;
; READ_DURING_WRITE_MODE_PORT_A      ; NEW_DATA_NO_NBE_READ   ; Untyped               ;
; READ_DURING_WRITE_MODE_PORT_B      ; NEW_DATA_NO_NBE_READ   ; Untyped               ;
; INIT_FILE                          ; ./sin_generate/sin.mif ; Untyped               ;
; INIT_FILE_LAYOUT                   ; PORT_B                 ; Untyped               ;
; MAXIMUM_DEPTH                      ; 0                      ; Untyped               ;
; CLOCK_ENABLE_INPUT_A               ; BYPASS                 ; Untyped               ;
; CLOCK_ENABLE_INPUT_B               ; BYPASS                 ; Untyped               ;
; CLOCK_ENABLE_OUTPUT_A              ; BYPASS                 ; Untyped               ;
; CLOCK_ENABLE_OUTPUT_B              ; BYPASS                 ; Untyped               ;
; CLOCK_ENABLE_CORE_A                ; USE_INPUT_CLKEN        ; Untyped               ;
; CLOCK_ENABLE_CORE_B                ; USE_INPUT_CLKEN        ; Untyped               ;
; ENABLE_ECC                         ; FALSE                  ; Untyped               ;
; ECC_PIPELINE_STAGE_ENABLED         ; FALSE                  ; Untyped               ;
; WIDTH_ECCSTATUS                    ; 3                      ; Untyped               ;
; DEVICE_FAMILY                      ; Cyclone IV E           ; Untyped               ;
; CBXI_PARAMETER                     ; altsyncram_5672        ; Untyped               ;
+------------------------------------+------------------------+-----------------------+
Note: In order to hide this table in the UI and the text report file, please set the "Show Parameter Settings in Synthesis Report" option in "Analysis and Synthesis Settings -> More Settings" to "Off".


+------------------------------------------------------------------------------------+
; altsyncram Parameter Settings by Entity Instance                                   ;
+-------------------------------------------+----------------------------------------+
; Name                                      ; Value                                  ;
+-------------------------------------------+----------------------------------------+
; Number of entity instances                ; 1                                      ;
; Entity Instance                           ; ROM:u3|altsyncram:altsyncram_component ;
;     -- OPERATION_MODE                     ; BIDIR_DUAL_PORT                        ;
;     -- WIDTH_A                            ; 8                                      ;
;     -- NUMWORDS_A                         ; 256                                    ;
;     -- OUTDATA_REG_A                      ; CLOCK0                                 ;
;     -- WIDTH_B                            ; 8                                      ;
;     -- NUMWORDS_B                         ; 256                                    ;
;     -- ADDRESS_REG_B                      ; CLOCK0                                 ;
;     -- OUTDATA_REG_B                      ; CLOCK0                                 ;
;     -- RAM_BLOCK_TYPE                     ; M9K                                    ;
;     -- READ_DURING_WRITE_MODE_MIXED_PORTS ; DONT_CARE                              ;
+-------------------------------------------+----------------------------------------+


+----------------------------------------------------------------------------------------------------------------+
; Port Connectivity Checks: "Mcode:u2"                                                                           ;
+------+--------+----------+-------------------------------------------------------------------------------------+
; Port ; Type   ; Severity ; Details                                                                             ;
+------+--------+----------+-------------------------------------------------------------------------------------+
; load ; Output ; Info     ; Connected to dangling logic. Logic that only feeds a dangling port will be removed. ;
+------+--------+----------+-------------------------------------------------------------------------------------+


+-----------------------------------------------------+
; Post-Synthesis Netlist Statistics for Top Partition ;
+-----------------------+-----------------------------+
; Type                  ; Count                       ;
+-----------------------+-----------------------------+
; boundary_port         ; 27                          ;
; cycloneiii_ff         ; 55                          ;
;     CLR               ; 41                          ;
;     ENA CLR           ; 14                          ;
; cycloneiii_lcell_comb ; 91                          ;
;     arith             ; 38                          ;
;         2 data inputs ; 35                          ;
;         3 data inputs ; 3                           ;
;     normal            ; 53                          ;
;         0 data inputs ; 2                           ;
;         1 data inputs ; 14                          ;
;         2 data inputs ; 8                           ;
;         3 data inputs ; 2                           ;
;         4 data inputs ; 27                          ;
; cycloneiii_ram_block  ; 8                           ;
;                       ;                             ;
; Max LUT depth         ; 4.60                        ;
; Average LUT depth     ; 2.25                        ;
+-----------------------+-----------------------------+


+-------------------------------+
; Elapsed Time Per Partition    ;
+----------------+--------------+
; Partition Name ; Elapsed Time ;
+----------------+--------------+
; Top            ; 00:00:00     ;
+----------------+--------------+


+-------------------------------+
; Analysis & Synthesis Messages ;
+-------------------------------+
Info: *******************************************************************
Info: Running Quartus Prime Analysis & Synthesis
    Info: Version 18.0.0 Build 614 04/24/2018 SJ Standard Edition
    Info: Processing started: Sat Dec 16 18:25:12 2023
Info: Command: quartus_map --read_settings_files=on --write_settings_files=off Signal_Modulation -c Signal_Modulation
Warning (18236): Number of processors has not been specified which may cause overloading on shared machines.  Set the global assignment NUM_PARALLEL_PROCESSORS in your QSF to an appropriate value for best performance.
Info (20030): Parallel compilation is enabled and will use 12 of the 12 processors detected
Info (12021): Found 1 design units, including 1 entities, in source file signal_modulation.v
    Info (12023): Found entity 1: Signal_Modulation File: C:/Users/21733/Desktop/Signal_Modulation/Signal_Modulation.v Line: 1
Info (12021): Found 1 design units, including 1 entities, in source file rom/rom.v
    Info (12023): Found entity 1: ROM File: C:/Users/21733/Desktop/Signal_Modulation/ROM/ROM.v Line: 39
Info (12021): Found 1 design units, including 1 entities, in source file mcode.v
    Info (12023): Found entity 1: Mcode File: C:/Users/21733/Desktop/Signal_Modulation/Mcode.v Line: 6
Info (12021): Found 1 design units, including 1 entities, in source file fp.v
    Info (12023): Found entity 1: fp File: C:/Users/21733/Desktop/Signal_Modulation/fp.v Line: 1
Warning (10236): Verilog HDL Implicit Net warning at Signal_Modulation.v(93): created implicit net for "fpp" File: C:/Users/21733/Desktop/Signal_Modulation/Signal_Modulation.v Line: 93
Info (12127): Elaborating entity "Signal_Modulation" for the top level hierarchy
Info (12128): Elaborating entity "fp" for hierarchy "fp:u1" File: C:/Users/21733/Desktop/Signal_Modulation/Signal_Modulation.v Line: 94
Warning (10230): Verilog HDL assignment warning at fp.v(13): truncated value with size 32 to match size of target (8) File: C:/Users/21733/Desktop/Signal_Modulation/fp.v Line: 13
Info (12128): Elaborating entity "Mcode" for hierarchy "Mcode:u2" File: C:/Users/21733/Desktop/Signal_Modulation/Signal_Modulation.v Line: 101
Info (12128): Elaborating entity "ROM" for hierarchy "ROM:u3" File: C:/Users/21733/Desktop/Signal_Modulation/Signal_Modulation.v Line: 109
Info (12128): Elaborating entity "altsyncram" for hierarchy "ROM:u3|altsyncram:altsyncram_component" File: C:/Users/21733/Desktop/Signal_Modulation/ROM/ROM.v Line: 93
Info (12130): Elaborated megafunction instantiation "ROM:u3|altsyncram:altsyncram_component" File: C:/Users/21733/Desktop/Signal_Modulation/ROM/ROM.v Line: 93
Info (12133): Instantiated megafunction "ROM:u3|altsyncram:altsyncram_component" with the following parameter: File: C:/Users/21733/Desktop/Signal_Modulation/ROM/ROM.v Line: 93
    Info (12134): Parameter "address_reg_b" = "CLOCK0"
    Info (12134): Parameter "clock_enable_input_a" = "BYPASS"
    Info (12134): Parameter "clock_enable_input_b" = "BYPASS"
    Info (12134): Parameter "clock_enable_output_a" = "BYPASS"
    Info (12134): Parameter "clock_enable_output_b" = "BYPASS"
    Info (12134): Parameter "indata_reg_b" = "CLOCK0"
    Info (12134): Parameter "init_file" = "./sin_generate/sin.mif"
    Info (12134): Parameter "init_file_layout" = "PORT_B"
    Info (12134): Parameter "intended_device_family" = "Cyclone IV E"
    Info (12134): Parameter "lpm_type" = "altsyncram"
    Info (12134): Parameter "numwords_a" = "256"
    Info (12134): Parameter "numwords_b" = "256"
    Info (12134): Parameter "operation_mode" = "BIDIR_DUAL_PORT"
    Info (12134): Parameter "outdata_aclr_a" = "NONE"
    Info (12134): Parameter "outdata_aclr_b" = "NONE"
    Info (12134): Parameter "outdata_reg_a" = "CLOCK0"
    Info (12134): Parameter "outdata_reg_b" = "CLOCK0"
    Info (12134): Parameter "power_up_uninitialized" = "FALSE"
    Info (12134): Parameter "ram_block_type" = "M9K"
    Info (12134): Parameter "widthad_a" = "8"
    Info (12134): Parameter "widthad_b" = "8"
    Info (12134): Parameter "width_a" = "8"
    Info (12134): Parameter "width_b" = "8"
    Info (12134): Parameter "width_byteena_a" = "1"
    Info (12134): Parameter "width_byteena_b" = "1"
    Info (12134): Parameter "wrcontrol_wraddress_reg_b" = "CLOCK0"
Info (12021): Found 1 design units, including 1 entities, in source file db/altsyncram_5672.tdf
    Info (12023): Found entity 1: altsyncram_5672 File: C:/Users/21733/Desktop/Signal_Modulation/db/altsyncram_5672.tdf Line: 27
Info (12128): Elaborating entity "altsyncram_5672" for hierarchy "ROM:u3|altsyncram:altsyncram_component|altsyncram_5672:auto_generated" File: e:/fpga/quartus/quartus/libraries/megafunctions/altsyncram.tdf Line: 791
Info (13000): Registers with preset signals will power-up high File: C:/Users/21733/Desktop/Signal_Modulation/Signal_Modulation.v Line: 41
Info (13003): DEV_CLRn pin will set, and not reset, register with preset signal due to NOT Gate Push-Back
Warning (13024): Output pins are stuck at VCC or GND
    Warning (13410): Pin "dac_mode" is stuck at VCC File: C:/Users/21733/Desktop/Signal_Modulation/Signal_Modulation.v Line: 18
    Warning (13410): Pin "dac_sleep" is stuck at GND File: C:/Users/21733/Desktop/Signal_Modulation/Signal_Modulation.v Line: 18
Info (286030): Timing-Driven Synthesis is running
Info (16010): Generating hard_block partition "hard_block:auto_generated_inst"
    Info (16011): Adding 0 node(s), including 0 DDIO, 0 PLL, 0 transceiver and 0 LCELL
Info (21057): Implemented 132 device resources after synthesis - the final resource count might be different
    Info (21058): Implemented 5 input pins
    Info (21059): Implemented 22 output pins
    Info (21061): Implemented 97 logic cells
    Info (21064): Implemented 8 RAM segments
Info: Quartus Prime Analysis & Synthesis was successful. 0 errors, 6 warnings
    Info: Peak virtual memory: 4825 megabytes
    Info: Processing ended: Sat Dec 16 18:25:25 2023
    Info: Elapsed time: 00:00:13
    Info: Total CPU time (on all processors): 00:00:07


